The system is: Darwin - 15.6.0 - x86_64
Compiling the C compiler identification source file "CMakeCCompilerId.c" succeeded.
Compiler: /Applications/Xcode.app/Contents/Developer/Toolchains/XcodeDefault.xctoolchain/usr/bin/cc 
Build flags: 
Id flags: 

The output was:
0


Compilation of the C compiler identification source "CMakeCCompilerId.c" produced "a.out"

The C compiler identification is AppleClang, found in "/nfs/zfs-student-6/users/ddu-toit/Desktop/mod1/glfw-3.2.1 2/CMakeFiles/3.6.0/CompilerIdC/a.out"

Determining if the C compiler works passed with the following output:
Change Dir: /nfs/zfs-student-6/users/ddu-toit/Desktop/mod1/glfw-3.2.1 2/CMakeFiles/CMakeTmp

Run Build Command:"/usr/bin/make" "cmTC_890fe/fast"
/Applications/Xcode.app/Contents/Developer/usr/bin/make -f CMakeFiles/cmTC_890fe.dir/build.make CMakeFiles/cmTC_890fe.dir/build
Building C object CMakeFiles/cmTC_890fe.dir/testCCompiler.c.o
/Applications/Xcode.app/Contents/Developer/Toolchains/XcodeDefault.xctoolchain/usr/bin/cc     -o CMakeFiles/cmTC_890fe.dir/testCCompiler.c.o   -c "/nfs/zfs-student-6/users/ddu-toit/Desktop/mod1/glfw-3.2.1 2/CMakeFiles/CMakeTmp/testCCompiler.c"
Linking C executable cmTC_890fe
/nfs/zfs-student-6/users/ddu-toit/.brew/Cellar/cmake/3.6.0_1/bin/cmake -E cmake_link_script CMakeFiles/cmTC_890fe.dir/link.txt --verbose=1
/Applications/Xcode.app/Contents/Developer/Toolchains/XcodeDefault.xctoolchain/usr/bin/cc    -Wl,-search_paths_first -Wl,-headerpad_max_install_names   CMakeFiles/cmTC_890fe.dir/testCCompiler.c.o  -o cmTC_890fe  


Detecting C compiler ABI info compiled with the following output:
Change Dir: /nfs/zfs-student-6/users/ddu-toit/Desktop/mod1/glfw-3.2.1 2/CMakeFiles/CMakeTmp

Run Build Command:"/usr/bin/make" "cmTC_45010/fast"
/Applications/Xcode.app/Contents/Developer/usr/bin/make -f CMakeFiles/cmTC_45010.dir/build.make CMakeFiles/cmTC_45010.dir/build
Building C object CMakeFiles/cmTC_45010.dir/CMakeCCompilerABI.c.o
/Applications/Xcode.app/Contents/Developer/Toolchains/XcodeDefault.xctoolchain/usr/bin/cc     -o CMakeFiles/cmTC_45010.dir/CMakeCCompilerABI.c.o   -c /nfs/zfs-student-6/users/ddu-toit/.brew/Cellar/cmake/3.6.0_1/share/cmake/Modules/CMakeCCompilerABI.c
Linking C executable cmTC_45010
/nfs/zfs-student-6/users/ddu-toit/.brew/Cellar/cmake/3.6.0_1/bin/cmake -E cmake_link_script CMakeFiles/cmTC_45010.dir/link.txt --verbose=1
/Applications/Xcode.app/Contents/Developer/Toolchains/XcodeDefault.xctoolchain/usr/bin/cc    -Wl,-search_paths_first -Wl,-headerpad_max_install_names  -v -Wl,-v CMakeFiles/cmTC_45010.dir/CMakeCCompilerABI.c.o  -o cmTC_45010   
Apple LLVM version 7.3.0 (clang-703.0.31)
Target: x86_64-apple-darwin15.6.0
Thread model: posix
InstalledDir: /Applications/Xcode.app/Contents/Developer/Toolchains/XcodeDefault.xctoolchain/usr/bin
 "/Applications/Xcode.app/Contents/Developer/Toolchains/XcodeDefault.xctoolchain/usr/bin/ld" -demangle -dynamic -arch x86_64 -macosx_version_min 10.11.0 -o cmTC_45010 -search_paths_first -headerpad_max_install_names -v CMakeFiles/cmTC_45010.dir/CMakeCCompilerABI.c.o -lSystem /Applications/Xcode.app/Contents/Developer/Toolchains/XcodeDefault.xctoolchain/usr/bin/../lib/clang/7.3.0/lib/darwin/libclang_rt.osx.a
@(#)PROGRAM:ld  PROJECT:ld64-264.3.102
configured to support archs: armv6 armv7 armv7s arm64 i386 x86_64 x86_64h armv6m armv7k armv7m armv7em (tvOS)
Library search paths:
	/usr/lib
	/usr/local/lib
Framework search paths:
	/Library/Frameworks/
	/System/Library/Frameworks/


Parsed C implicit link information from above output:
  link line regex: [^( *|.*[/\])(ld|([^/\]+-)?ld|collect2)[^/\]*( |$)]
  ignore line: [Change Dir: /nfs/zfs-student-6/users/ddu-toit/Desktop/mod1/glfw-3.2.1 2/CMakeFiles/CMakeTmp]
  ignore line: []
  ignore line: [Run Build Command:"/usr/bin/make" "cmTC_45010/fast"]
  ignore line: [/Applications/Xcode.app/Contents/Developer/usr/bin/make -f CMakeFiles/cmTC_45010.dir/build.make CMakeFiles/cmTC_45010.dir/build]
  ignore line: [Building C object CMakeFiles/cmTC_45010.dir/CMakeCCompilerABI.c.o]
  ignore line: [/Applications/Xcode.app/Contents/Developer/Toolchains/XcodeDefault.xctoolchain/usr/bin/cc     -o CMakeFiles/cmTC_45010.dir/CMakeCCompilerABI.c.o   -c /nfs/zfs-student-6/users/ddu-toit/.brew/Cellar/cmake/3.6.0_1/share/cmake/Modules/CMakeCCompilerABI.c]
  ignore line: [Linking C executable cmTC_45010]
  ignore line: [/nfs/zfs-student-6/users/ddu-toit/.brew/Cellar/cmake/3.6.0_1/bin/cmake -E cmake_link_script CMakeFiles/cmTC_45010.dir/link.txt --verbose=1]
  ignore line: [/Applications/Xcode.app/Contents/Developer/Toolchains/XcodeDefault.xctoolchain/usr/bin/cc    -Wl,-search_paths_first -Wl,-headerpad_max_install_names  -v -Wl,-v CMakeFiles/cmTC_45010.dir/CMakeCCompilerABI.c.o  -o cmTC_45010   ]
  ignore line: [Apple LLVM version 7.3.0 (clang-703.0.31)]
  ignore line: [Target: x86_64-apple-darwin15.6.0]
  ignore line: [Thread model: posix]
  ignore line: [InstalledDir: /Applications/Xcode.app/Contents/Developer/Toolchains/XcodeDefault.xctoolchain/usr/bin]
  link line: [ "/Applications/Xcode.app/Contents/Developer/Toolchains/XcodeDefault.xctoolchain/usr/bin/ld" -demangle -dynamic -arch x86_64 -macosx_version_min 10.11.0 -o cmTC_45010 -search_paths_first -headerpad_max_install_names -v CMakeFiles/cmTC_45010.dir/CMakeCCompilerABI.c.o -lSystem /Applications/Xcode.app/Contents/Developer/Toolchains/XcodeDefault.xctoolchain/usr/bin/../lib/clang/7.3.0/lib/darwin/libclang_rt.osx.a]
    arg [/Applications/Xcode.app/Contents/Developer/Toolchains/XcodeDefault.xctoolchain/usr/bin/ld] ==> ignore
    arg [-demangle] ==> ignore
    arg [-dynamic] ==> ignore
    arg [-arch] ==> ignore
    arg [x86_64] ==> ignore
    arg [-macosx_version_min] ==> ignore
    arg [10.11.0] ==> ignore
    arg [-o] ==> ignore
    arg [cmTC_45010] ==> ignore
    arg [-search_paths_first] ==> ignore
    arg [-headerpad_max_install_names] ==> ignore
    arg [-v] ==> ignore
    arg [CMakeFiles/cmTC_45010.dir/CMakeCCompilerABI.c.o] ==> ignore
    arg [-lSystem] ==> lib [System]
    arg [/Applications/Xcode.app/Contents/Developer/Toolchains/XcodeDefault.xctoolchain/usr/bin/../lib/clang/7.3.0/lib/darwin/libclang_rt.osx.a] ==> lib [/Applications/Xcode.app/Contents/Developer/Toolchains/XcodeDefault.xctoolchain/usr/bin/../lib/clang/7.3.0/lib/darwin/libclang_rt.osx.a]
  Library search paths: [;/usr/lib;/usr/local/lib]
  Framework search paths: [;/Library/Frameworks/;/System/Library/Frameworks/]
  remove lib [System]
  collapse lib [/Applications/Xcode.app/Contents/Developer/Toolchains/XcodeDefault.xctoolchain/usr/bin/../lib/clang/7.3.0/lib/darwin/libclang_rt.osx.a] ==> [/Applications/Xcode.app/Contents/Developer/Toolchains/XcodeDefault.xctoolchain/usr/lib/clang/7.3.0/lib/darwin/libclang_rt.osx.a]
  collapse library dir [/usr/lib] ==> [/usr/lib]
  collapse library dir [/usr/local/lib] ==> [/usr/local/lib]
  collapse framework dir [/Library/Frameworks/] ==> [/Library/Frameworks]
  collapse framework dir [/System/Library/Frameworks/] ==> [/System/Library/Frameworks]
  implicit libs: [/Applications/Xcode.app/Contents/Developer/Toolchains/XcodeDefault.xctoolchain/usr/lib/clang/7.3.0/lib/darwin/libclang_rt.osx.a]
  implicit dirs: [/usr/lib;/usr/local/lib]
  implicit fwks: [/Library/Frameworks;/System/Library/Frameworks]




Detecting C [-std=c11] compiler features compiled with the following output:
Change Dir: /nfs/zfs-student-6/users/ddu-toit/Desktop/mod1/glfw-3.2.1 2/CMakeFiles/CMakeTmp

Run Build Command:"/usr/bin/make" "cmTC_2a368/fast"
/Applications/Xcode.app/Contents/Developer/usr/bin/make -f CMakeFiles/cmTC_2a368.dir/build.make CMakeFiles/cmTC_2a368.dir/build
Building C object CMakeFiles/cmTC_2a368.dir/feature_tests.c.o
/Applications/Xcode.app/Contents/Developer/Toolchains/XcodeDefault.xctoolchain/usr/bin/cc    -std=c11 -o CMakeFiles/cmTC_2a368.dir/feature_tests.c.o   -c "/nfs/zfs-student-6/users/ddu-toit/Desktop/mod1/glfw-3.2.1 2/CMakeFiles/feature_tests.c"
Linking C executable cmTC_2a368
/nfs/zfs-student-6/users/ddu-toit/.brew/Cellar/cmake/3.6.0_1/bin/cmake -E cmake_link_script CMakeFiles/cmTC_2a368.dir/link.txt --verbose=1
/Applications/Xcode.app/Contents/Developer/Toolchains/XcodeDefault.xctoolchain/usr/bin/cc    -Wl,-search_paths_first -Wl,-headerpad_max_install_names   CMakeFiles/cmTC_2a368.dir/feature_tests.c.o  -o cmTC_2a368  


    Feature record: C_FEATURE:1c_function_prototypes
    Feature record: C_FEATURE:1c_restrict
    Feature record: C_FEATURE:1c_static_assert
    Feature record: C_FEATURE:1c_variadic_macros


Detecting C [-std=c99] compiler features compiled with the following output:
Change Dir: /nfs/zfs-student-6/users/ddu-toit/Desktop/mod1/glfw-3.2.1 2/CMakeFiles/CMakeTmp

Run Build Command:"/usr/bin/make" "cmTC_d18c9/fast"
/Applications/Xcode.app/Contents/Developer/usr/bin/make -f CMakeFiles/cmTC_d18c9.dir/build.make CMakeFiles/cmTC_d18c9.dir/build
Building C object CMakeFiles/cmTC_d18c9.dir/feature_tests.c.o
/Applications/Xcode.app/Contents/Developer/Toolchains/XcodeDefault.xctoolchain/usr/bin/cc    -std=c99 -o CMakeFiles/cmTC_d18c9.dir/feature_tests.c.o   -c "/nfs/zfs-student-6/users/ddu-toit/Desktop/mod1/glfw-3.2.1 2/CMakeFiles/feature_tests.c"
Linking C executable cmTC_d18c9
/nfs/zfs-student-6/users/ddu-toit/.brew/Cellar/cmake/3.6.0_1/bin/cmake -E cmake_link_script CMakeFiles/cmTC_d18c9.dir/link.txt --verbose=1
/Applications/Xcode.app/Contents/Developer/Toolchains/XcodeDefault.xctoolchain/usr/bin/cc    -Wl,-search_paths_first -Wl,-headerpad_max_install_names   CMakeFiles/cmTC_d18c9.dir/feature_tests.c.o  -o cmTC_d18c9  


    Feature record: C_FEATURE:1c_function_prototypes
    Feature record: C_FEATURE:1c_restrict
    Feature record: C_FEATURE:0c_static_assert
    Feature record: C_FEATURE:1c_variadic_macros


Detecting C [-std=c90] compiler features compiled with the following output:
Change Dir: /nfs/zfs-student-6/users/ddu-toit/Desktop/mod1/glfw-3.2.1 2/CMakeFiles/CMakeTmp

Run Build Command:"/usr/bin/make" "cmTC_2d4e3/fast"
/Applications/Xcode.app/Contents/Developer/usr/bin/make -f CMakeFiles/cmTC_2d4e3.dir/build.make CMakeFiles/cmTC_2d4e3.dir/build
Building C object CMakeFiles/cmTC_2d4e3.dir/feature_tests.c.o
/Applications/Xcode.app/Contents/Developer/Toolchains/XcodeDefault.xctoolchain/usr/bin/cc    -std=c90 -o CMakeFiles/cmTC_2d4e3.dir/feature_tests.c.o   -c "/nfs/zfs-student-6/users/ddu-toit/Desktop/mod1/glfw-3.2.1 2/CMakeFiles/feature_tests.c"
Linking C executable cmTC_2d4e3
/nfs/zfs-student-6/users/ddu-toit/.brew/Cellar/cmake/3.6.0_1/bin/cmake -E cmake_link_script CMakeFiles/cmTC_2d4e3.dir/link.txt --verbose=1
/Applications/Xcode.app/Contents/Developer/Toolchains/XcodeDefault.xctoolchain/usr/bin/cc    -Wl,-search_paths_first -Wl,-headerpad_max_install_names   CMakeFiles/cmTC_2d4e3.dir/feature_tests.c.o  -o cmTC_2d4e3  


    Feature record: C_FEATURE:1c_function_prototypes
    Feature record: C_FEATURE:0c_restrict
    Feature record: C_FEATURE:0c_static_assert
    Feature record: C_FEATURE:0c_variadic_macros
Determining if the include file pthread.h exists passed with the following output:
Change Dir: /nfs/zfs-student-6/users/ddu-toit/Desktop/mod1/glfw-3.2.1 2/CMakeFiles/CMakeTmp

Run Build Command:"/usr/bin/make" "cmTC_5afa4/fast"
/Applications/Xcode.app/Contents/Developer/usr/bin/make -f CMakeFiles/cmTC_5afa4.dir/build.make CMakeFiles/cmTC_5afa4.dir/build
Building C object CMakeFiles/cmTC_5afa4.dir/CheckIncludeFile.c.o
/Applications/Xcode.app/Contents/Developer/Toolchains/XcodeDefault.xctoolchain/usr/bin/cc     -o CMakeFiles/cmTC_5afa4.dir/CheckIncludeFile.c.o   -c "/nfs/zfs-student-6/users/ddu-toit/Desktop/mod1/glfw-3.2.1 2/CMakeFiles/CMakeTmp/CheckIncludeFile.c"
Linking C executable cmTC_5afa4
/nfs/zfs-student-6/users/ddu-toit/.brew/Cellar/cmake/3.6.0_1/bin/cmake -E cmake_link_script CMakeFiles/cmTC_5afa4.dir/link.txt --verbose=1
/Applications/Xcode.app/Contents/Developer/Toolchains/XcodeDefault.xctoolchain/usr/bin/cc    -Wl,-search_paths_first -Wl,-headerpad_max_install_names   CMakeFiles/cmTC_5afa4.dir/CheckIncludeFile.c.o  -o cmTC_5afa4  


Determining if the pthread_create exist passed with the following output:
Change Dir: /nfs/zfs-student-6/users/ddu-toit/Desktop/mod1/glfw-3.2.1 2/CMakeFiles/CMakeTmp

Run Build Command:"/usr/bin/make" "cmTC_dcdb2/fast"
/Applications/Xcode.app/Contents/Developer/usr/bin/make -f CMakeFiles/cmTC_dcdb2.dir/build.make CMakeFiles/cmTC_dcdb2.dir/build
Building C object CMakeFiles/cmTC_dcdb2.dir/CheckSymbolExists.c.o
/Applications/Xcode.app/Contents/Developer/Toolchains/XcodeDefault.xctoolchain/usr/bin/cc     -o CMakeFiles/cmTC_dcdb2.dir/CheckSymbolExists.c.o   -c "/nfs/zfs-student-6/users/ddu-toit/Desktop/mod1/glfw-3.2.1 2/CMakeFiles/CMakeTmp/CheckSymbolExists.c"
Linking C executable cmTC_dcdb2
/nfs/zfs-student-6/users/ddu-toit/.brew/Cellar/cmake/3.6.0_1/bin/cmake -E cmake_link_script CMakeFiles/cmTC_dcdb2.dir/link.txt --verbose=1
/Applications/Xcode.app/Contents/Developer/Toolchains/XcodeDefault.xctoolchain/usr/bin/cc    -Wl,-search_paths_first -Wl,-headerpad_max_install_names   CMakeFiles/cmTC_dcdb2.dir/CheckSymbolExists.c.o  -o cmTC_dcdb2  

File /nfs/zfs-student-6/users/ddu-toit/Desktop/mod1/glfw-3.2.1 2/CMakeFiles/CMakeTmp/CheckSymbolExists.c:
/* */
#include <pthread.h>

int main(int argc, char** argv)
{
  (void)argv;
#ifndef pthread_create
  return ((int*)(&pthread_create))[argc];
#else
  (void)argc;
  return 0;
#endif
}

